1:/*
2: * =====================================================================================
3: *
4: *       Filename:  strfile.cpp
5: *
6: *    Description:  Example of file iostream
7: *
8: *        Version:  1.0
9: *        Created:  01/02/2013 21:10:51
10: *       Revision:  none
11: *       Compiler:  gcc
12: *
13: *         Author:  Steven Liu (), steven.weike.liu@gmail.com
14: *   Organization:  
15: *
16: * =====================================================================================
17: */
18:
19:#include <fstream>
20:#include <iostream>
21:using namespace std;
22:
23:#define SZ 100
24:
25:int main() {
26:  char buf[SZ];
27:  {
28:    ifstream in("strfile.cpp");
29:    ofstream out;
30:    out.open("./strfile1.out");
31:    int i = 1;
32:    while(!(in.eof())) {
33:      in.get(buf, SZ);
34:      if(!(in.eof()) && in.fail() && buf[0]=='\0') {
35:        in.clear();
36:      }
37:      in.get();
38:      cout << buf << endl;
39:      out << i++ << ":" << buf << endl;
40:    }
41:    out.close();
42:  }
43:
44:  {
45:    ifstream in("strfile.cpp");
46:    ofstream out;
47:    out.open("./strfile2.out");
48:    int i = 1;
49:    while(in.getline(buf, SZ)) {
50:      cout << buf << endl;
51:      out << i++ << ":" << buf << endl;
52:    }
53:    out.close();
54:  }
55:}
56:
57:
